\BOOKMARK [1][-]{section*.1}{ABSTRACT}{}% 1
\BOOKMARK [1][-]{section*.5}{INTRODUCTION}{}% 2
\BOOKMARK [2][-]{section*.6}{Benefits and limitations}{section*.5}% 3
\BOOKMARK [2][-]{section*.7}{SCENARIO}{section*.5}% 4
\BOOKMARK [1][-]{section*.8}{PROTOTYPE}{}% 5
\BOOKMARK [2][-]{section*.9}{Tracking}{section*.8}% 6
\BOOKMARK [2][-]{section*.10}{User calibration}{section*.8}% 7
\BOOKMARK [2][-]{section*.11}{Land-on detection}{section*.8}% 8
\BOOKMARK [2][-]{section*.12}{Flick selection}{section*.8}% 9
\BOOKMARK [1][-]{section*.13}{APPLICATION}{}% 10
\BOOKMARK [2][-]{section*.14}{USER STUDY}{section*.13}% 11
\BOOKMARK [2][-]{section*.15}{Task and Conditions}{section*.13}% 12
\BOOKMARK [2][-]{section*.16}{Interface and apparatus}{section*.13}% 13
\BOOKMARK [2][-]{section*.17}{Experimental design}{section*.13}% 14
\BOOKMARK [2][-]{section*.18}{Participants}{section*.13}% 15
\BOOKMARK [2][-]{section*.19}{Results and discussion}{section*.13}% 16
\BOOKMARK [3][-]{section*.20}{With the same target size, the same commitment method, but different postures}{section*.19}% 17
\BOOKMARK [3][-]{section*.21}{With the same target size, the same posture, but different commitment methods}{section*.19}% 18
\BOOKMARK [3][-]{section*.22}{With the same commitment method, the same posture, but different target sizes}{section*.19}% 19
\BOOKMARK [1][-]{section*.23}{RELATED WORK}{}% 20
\BOOKMARK [2][-]{section*.24}{Private and subtle interaction}{section*.23}% 21
\BOOKMARK [2][-]{section*.25}{Finger-worn input devices}{section*.23}% 22
\BOOKMARK [2][-]{section*.26}{Magnetic tracking}{section*.23}% 23
\BOOKMARK [1][-]{section*.27}{CONCLUSION}{}% 24
\BOOKMARK [1][-]{section*.28}{ACKNOWLEDGMENTS}{}% 25
\BOOKMARK [1][-]{section*.29}{REFERENCES}{}% 26
