This is pdfTeX, Version 3.1415926-2.4-1.40.13 (TeX Live 2012) (format=pdflatex 2012.6.30)  6 APR 2013 07:32
entering extended mode
 restricted \write18 enabled.
 file:line:error style messages enabled.
 %&-line parsing enabled.
**fingerPad.tex
(./fingerPad.tex
LaTeX2e <2011/06/27>
Babel <v3.8m> and hyphenation patterns for english, dumylang, nohyphenation, ge
rman-x-2012-05-30, ngerman-x-2012-05-30, afrikaans, ancientgreek, ibycus, arabi
c, armenian, basque, bulgarian, catalan, pinyin, coptic, croatian, czech, danis
h, dutch, ukenglish, usenglishmax, esperanto, estonian, ethiopic, farsi, finnis
h, french, friulan, galician, german, ngerman, swissgerman, monogreek, greek, h
ungarian, icelandic, assamese, bengali, gujarati, hindi, kannada, malayalam, ma
rathi, oriya, panjabi, tamil, telugu, indonesian, interlingua, irish, italian, 
kurmanji, latin, latvian, lithuanian, mongolian, mongolianlmc, bokmal, nynorsk,
 polish, portuguese, romanian, romansh, russian, sanskrit, serbian, serbianc, s
lovak, slovenian, spanish, swedish, turkish, turkmen, ukrainian, uppersorbian, 
welsh, loaded.
(/usr/local/texlive/2012/texmf-dist/tex/latex/base/article.cls
Document Class: article 2007/10/19 v1.4h Standard LaTeX document class
(/usr/local/texlive/2012/texmf-dist/tex/latex/base/size10.clo
File: size10.clo 2007/10/19 v1.4h Standard LaTeX file (size option)
)
\c@part=\count79
\c@section=\count80
\c@subsection=\count81
\c@subsubsection=\count82
\c@paragraph=\count83
\c@subparagraph=\count84
\c@figure=\count85
\c@table=\count86
\abovecaptionskip=\skip41
\belowcaptionskip=\skip42
\bibindent=\dimen102
)
(/usr/local/texlive/2012/texmf-dist/tex/latex/psnfss/times.sty
Package: times 2005/04/12 PSNFSS-v9.2a (SPQR) 
) (./uist.sty
Style "UIST" <01 August 2005>.
\copyrightnotice=\toks14
\conf=\toks15
\confinfo=\toks16
\copyrtyr=\toks17
\acmcopyr=\toks18
\boilerplate=\toks19
\copyrightetc=\toks20
) (/usr/local/texlive/2012/texmf-dist/tex/latex/url/url.sty
\Urlmuskip=\muskip10
Package: url 2006/04/12  ver 3.3  Verb mode for urls, etc.
)
(/usr/local/texlive/2012/texmf-dist/tex/latex/preprint/balance.sty
Package: balance 1999/02/23 4.3 (PWD)
\oldvsize=\dimen103
)
(/usr/local/texlive/2012/texmf-dist/tex/latex/graphics/graphics.sty
Package: graphics 2009/02/05 v1.0o Standard LaTeX Graphics (DPC,SPQR)

(/usr/local/texlive/2012/texmf-dist/tex/latex/graphics/trig.sty
Package: trig 1999/03/16 v1.09 sin cos tan (DPC)
)
(/usr/local/texlive/2012/texmf-dist/tex/latex/latexconfig/graphics.cfg
File: graphics.cfg 2010/04/23 v1.9 graphics configuration of TeX Live
)
Package graphics Info: Driver file: pdftex.def on input line 91.

(/usr/local/texlive/2012/texmf-dist/tex/latex/pdftex-def/pdftex.def
File: pdftex.def 2011/05/27 v0.06d Graphics/color for pdfTeX

(/usr/local/texlive/2012/texmf-dist/tex/generic/oberdiek/infwarerr.sty
Package: infwarerr 2010/04/08 v1.3 Providing info/warning/error messages (HO)
)
(/usr/local/texlive/2012/texmf-dist/tex/generic/oberdiek/ltxcmds.sty
Package: ltxcmds 2011/11/09 v1.22 LaTeX kernel commands for general use (HO)
)
\Gread@gobject=\count87
))
(/usr/local/texlive/2012/texmf-dist/tex/latex/graphics/color.sty
Package: color 2005/11/14 v1.0j Standard LaTeX Color (DPC)

(/usr/local/texlive/2012/texmf-dist/tex/latex/latexconfig/color.cfg
File: color.cfg 2007/01/18 v1.5 color configuration of teTeX/TeXLive
)
Package color Info: Driver file: pdftex.def on input line 130.
)
(/usr/local/texlive/2012/texmf-dist/tex/latex/subfigure/subfigure.sty
Package: subfigure 2002/03/15 v2.1.5 subfigure package
\subfigtopskip=\skip43
\subfigcapskip=\skip44
\subfigcaptopadj=\dimen104
\subfigbottomskip=\skip45
\subfigcapmargin=\dimen105
\subfiglabelskip=\skip46
\c@subfigure=\count88
\c@lofdepth=\count89
\c@subtable=\count90
\c@lotdepth=\count91

****************************************
* Local config file subfigure.cfg used *
****************************************
(/usr/local/texlive/2012/texmf-dist/tex/latex/subfigure/subfigure.cfg)
\subfig@top=\skip47
\subfig@bottom=\skip48
)
(/usr/local/texlive/2012/texmf-dist/tex/latex/graphics/graphicx.sty
Package: graphicx 1999/02/16 v1.0f Enhanced LaTeX Graphics (DPC,SPQR)

(/usr/local/texlive/2012/texmf-dist/tex/latex/graphics/keyval.sty
Package: keyval 1999/03/16 v1.13 key=value parser (DPC)
\KV@toks@=\toks21
)
\Gin@req@height=\dimen106
\Gin@req@width=\dimen107
)
(/usr/local/texlive/2012/texmf-dist/tex/latex/tools/xspace.sty
Package: xspace 2009/10/20 v1.13 Space after command names (DPC,MH)
)
(/usr/local/texlive/2012/texmf-dist/tex/latex/hyperref/hyperref.sty
Package: hyperref 2012/05/13 v6.82q Hypertext links for LaTeX

(/usr/local/texlive/2012/texmf-dist/tex/generic/oberdiek/hobsub-hyperref.sty
Package: hobsub-hyperref 2012/05/28 v1.13 Bundle oberdiek, subset hyperref (HO)


(/usr/local/texlive/2012/texmf-dist/tex/generic/oberdiek/hobsub-generic.sty
Package: hobsub-generic 2012/05/28 v1.13 Bundle oberdiek, subset generic (HO)
Package: hobsub 2012/05/28 v1.13 Construct package bundles (HO)
Package hobsub Info: Skipping package `infwarerr' (already loaded).
Package hobsub Info: Skipping package `ltxcmds' (already loaded).
Package: ifluatex 2010/03/01 v1.3 Provides the ifluatex switch (HO)
Package ifluatex Info: LuaTeX not detected.
Package: ifvtex 2010/03/01 v1.5 Detect VTeX and its facilities (HO)
Package ifvtex Info: VTeX not detected.
Package: intcalc 2007/09/27 v1.1 Expandable calculations with integers (HO)
Package: ifpdf 2011/01/30 v2.3 Provides the ifpdf switch (HO)
Package ifpdf Info: pdfTeX in PDF mode is detected.
Package: etexcmds 2011/02/16 v1.5 Avoid name clashes with e-TeX commands (HO)
Package etexcmds Info: Could not find \expanded.
(etexcmds)             That can mean that you are not using pdfTeX 1.50 or
(etexcmds)             that some package has redefined \expanded.
(etexcmds)             In the latter case, load this package earlier.
Package: kvsetkeys 2012/04/25 v1.16 Key value parser (HO)
Package: kvdefinekeys 2011/04/07 v1.3 Define keys (HO)
Package: pdftexcmds 2011/11/29 v0.20 Utility functions of pdfTeX for LuaTeX (HO
)
Package pdftexcmds Info: LuaTeX not detected.
Package pdftexcmds Info: \pdf@primitive is available.
Package pdftexcmds Info: \pdf@ifprimitive is available.
Package pdftexcmds Info: \pdfdraftmode found.
Package: pdfescape 2011/11/25 v1.13 Implements pdfTeX's escape features (HO)
Package: bigintcalc 2012/04/08 v1.3 Expandable calculations on big integers (HO
)
Package: bitset 2011/01/30 v1.1 Handle bit-vector datatype (HO)
Package: uniquecounter 2011/01/30 v1.2 Provide unlimited unique counter (HO)
)
Package hobsub Info: Skipping package `hobsub' (already loaded).
Package: letltxmacro 2010/09/02 v1.4 Let assignment for LaTeX macros (HO)
Package: hopatch 2012/05/28 v1.2 Wrapper for package hooks (HO)
Package: xcolor-patch 2011/01/30 xcolor patch
Package: atveryend 2011/06/30 v1.8 Hooks at the very end of document (HO)
Package atveryend Info: \enddocument detected (standard20110627).
Package: atbegshi 2011/10/05 v1.16 At begin shipout hook (HO)
Package: refcount 2011/10/16 v3.4 Data extraction from label references (HO)
Package: hycolor 2011/01/30 v1.7 Color options for hyperref/bookmark (HO)
)
(/usr/local/texlive/2012/texmf-dist/tex/generic/ifxetex/ifxetex.sty
Package: ifxetex 2010/09/12 v0.6 Provides ifxetex conditional
)
(/usr/local/texlive/2012/texmf-dist/tex/latex/oberdiek/kvoptions.sty
Package: kvoptions 2011/06/30 v3.11 Key value format for package options (HO)
)
\@linkdim=\dimen108
\Hy@linkcounter=\count92
\Hy@pagecounter=\count93

(/usr/local/texlive/2012/texmf-dist/tex/latex/hyperref/pd1enc.def
File: pd1enc.def 2012/05/13 v6.82q Hyperref: PDFDocEncoding definition (HO)
)
\Hy@SavedSpaceFactor=\count94

(/usr/local/texlive/2012/texmf-dist/tex/latex/latexconfig/hyperref.cfg
File: hyperref.cfg 2002/06/06 v1.2 hyperref configuration of TeXLive
)
Package hyperref Info: Hyper figures OFF on input line 4062.
Package hyperref Info: Link nesting OFF on input line 4067.
Package hyperref Info: Hyper index ON on input line 4070.
Package hyperref Info: Plain pages OFF on input line 4077.
Package hyperref Info: Backreferencing OFF on input line 4082.
Package hyperref Info: Implicit mode ON; LaTeX internals redefined.
Package hyperref Info: Bookmarks ON on input line 4300.
\c@Hy@tempcnt=\count95
LaTeX Info: Redefining \url on input line 4653.
\Fld@menulength=\count96
\Field@Width=\dimen109
\Fld@charsize=\dimen110
Package hyperref Info: Hyper figures OFF on input line 5773.
Package hyperref Info: Link nesting OFF on input line 5778.
Package hyperref Info: Hyper index ON on input line 5781.
Package hyperref Info: backreferencing OFF on input line 5788.
Package hyperref Info: Link coloring OFF on input line 5793.
Package hyperref Info: Link coloring with OCG OFF on input line 5798.
Package hyperref Info: PDF/A mode OFF on input line 5803.
LaTeX Info: Redefining \ref on input line 5843.
LaTeX Info: Redefining \pageref on input line 5847.
\Hy@abspage=\count97
\c@Item=\count98
\c@Hfootnote=\count99
)

Package hyperref Message: Driver: hpdftex.

(/usr/local/texlive/2012/texmf-dist/tex/latex/hyperref/hpdftex.def
File: hpdftex.def 2012/05/13 v6.82q Hyperref driver for pdfTeX
\Fld@listcount=\count100
\c@bookmark@seq@number=\count101

(/usr/local/texlive/2012/texmf-dist/tex/latex/oberdiek/rerunfilecheck.sty
Package: rerunfilecheck 2011/04/15 v1.7 Rerun checks for auxiliary files (HO)
Package uniquecounter Info: New unique counter `rerunfilecheck' on input line 2
82.
)
\Hy@SectionHShift=\skip49
)
(./fingerPad.aux)
\openout1 = `fingerPad.aux'.

LaTeX Font Info:    Checking defaults for OML/cmm/m/it on input line 16.
LaTeX Font Info:    ... okay on input line 16.
LaTeX Font Info:    Checking defaults for T1/cmr/m/n on input line 16.
LaTeX Font Info:    ... okay on input line 16.
LaTeX Font Info:    Checking defaults for OT1/cmr/m/n on input line 16.
LaTeX Font Info:    ... okay on input line 16.
LaTeX Font Info:    Checking defaults for OMS/cmsy/m/n on input line 16.
LaTeX Font Info:    ... okay on input line 16.
LaTeX Font Info:    Checking defaults for OMX/cmex/m/n on input line 16.
LaTeX Font Info:    ... okay on input line 16.
LaTeX Font Info:    Checking defaults for U/cmr/m/n on input line 16.
LaTeX Font Info:    ... okay on input line 16.
LaTeX Font Info:    Checking defaults for PD1/pdf/m/n on input line 16.
LaTeX Font Info:    ... okay on input line 16.
LaTeX Font Info:    Try loading font information for OT1+ptm on input line 16.

(/usr/local/texlive/2012/texmf-dist/tex/latex/psnfss/ot1ptm.fd
File: ot1ptm.fd 2001/06/04 font definitions for OT1/ptm.
)
(/usr/local/texlive/2012/texmf-dist/tex/context/base/supp-pdf.mkii
[Loading MPS to PDF converter (version 2006.09.02).]
\scratchcounter=\count102
\scratchdimen=\dimen111
\scratchbox=\box26
\nofMPsegments=\count103
\nofMParguments=\count104
\everyMPshowfont=\toks22
\MPscratchCnt=\count105
\MPscratchDim=\dimen112
\MPnumerator=\count106
\makeMPintoPDFobject=\count107
\everyMPtoPDFconversion=\toks23
) (/usr/local/texlive/2012/texmf-dist/tex/latex/oberdiek/epstopdf-base.sty
Package: epstopdf-base 2010/02/09 v2.5 Base part for package epstopdf

(/usr/local/texlive/2012/texmf-dist/tex/latex/oberdiek/grfext.sty
Package: grfext 2010/08/19 v1.1 Manage graphics extensions (HO)
)
Package grfext Info: Graphics extension search list:
(grfext)             [.png,.pdf,.jpg,.mps,.jpeg,.jbig2,.jb2,.PNG,.PDF,.JPG,.JPE
G,.JBIG2,.JB2,.eps]
(grfext)             \AppendGraphicsExtensions on input line 452.

(/usr/local/texlive/2012/texmf-dist/tex/latex/latexconfig/epstopdf-sys.cfg
File: epstopdf-sys.cfg 2010/07/13 v1.3 Configuration of (r)epstopdf for TeX Liv
e
))
\AtBeginShipoutBox=\box27
Package hyperref Info: Link coloring OFF on input line 16.

(/usr/local/texlive/2012/texmf-dist/tex/latex/hyperref/nameref.sty
Package: nameref 2010/04/30 v2.40 Cross-referencing by name of section

(/usr/local/texlive/2012/texmf-dist/tex/generic/oberdiek/gettitlestring.sty
Package: gettitlestring 2010/12/03 v1.4 Cleanup title references (HO)
)
\c@section@level=\count108
)
LaTeX Info: Redefining \ref on input line 16.
LaTeX Info: Redefining \pageref on input line 16.
LaTeX Info: Redefining \nameref on input line 16.

(./fingerPad.out) (./fingerPad.out)
\@outlinefile=\write3
\openout3 = `fingerPad.out'.

LaTeX Font Info:    External font `cmex10' loaded for size
(Font)              <12> on input line 44.
LaTeX Font Info:    External font `cmex10' loaded for size
(Font)              <8> on input line 44.
LaTeX Font Info:    External font `cmex10' loaded for size
(Font)              <6> on input line 44.
 (./introduction.tex
LaTeX Font Info:    External font `cmex10' loaded for size
(Font)              <7> on input line 5.
LaTeX Font Info:    External font `cmex10' loaded for size
(Font)              <5> on input line 5.

<./image/firstFigure7.pdf, id=108, 685.56125pt x 375.4025pt>
File: ./image/firstFigure7.pdf Graphic file (type pdf)

<use ./image/firstFigure7.pdf>
Package pdftex.def Info: ./image/firstFigure7.pdf used on input line 6.
(pdftex.def)             Requested size: 241.84842pt x 132.42964pt.

Overfull \hbox (8.84544pt too wide) in paragraph at lines 5--8
 [] 
 []


Underfull \hbox (badness 1365) in paragraph at lines 8--8
 []\helvix Figure 1: []FingerPad en-ables touch-pad func-tion 
 []


Overfull \hbox (9.16934pt too wide) in paragraph at lines 101--104
[]\OT1/ptm/m/n/10 We present Fin-ger-Pad, a nail-mounted de-vice that turns pin
ched
 []


Package hyperref Warning: Difference (2) between bookmark levels is greater 
(hyperref)                than one, level fixed on input line 110.

[1{/usr/local/texlive/2012/texmf-var/fonts/map/pdftex/updmap/pdftex.map}



 <./image/firstFigure7.pdf>]) (./scenario.tex
<./image/walkthrough4.pdf, id=187, 685.56125pt x 445.665pt>
File: ./image/walkthrough4.pdf Graphic file (type pdf)

<use ./image/walkthrough4.pdf>
Package pdftex.def Info: ./image/walkthrough4.pdf used on input line 5.
(pdftex.def)             Requested size: 241.84842pt x 157.21593pt.

Overfull \hbox (8.84544pt too wide) in paragraph at lines 4--7
 [] 
 []

) (./design.tex) (./prototype.tex
<./image/hallDevice.pdf, id=190, 685.56125pt x 315.1775pt>
File: ./image/hallDevice.pdf Graphic file (type pdf)

<use ./image/hallDevice.pdf>
Package pdftex.def Info: ./image/hallDevice.pdf used on input line 13.
(pdftex.def)             Requested size: 241.84842pt x 111.18423pt.

Overfull \hbox (8.84544pt too wide) in paragraph at lines 12--15
 [] 
 []

<./image/magnetHolder3.pdf, id=191, 684.5575pt x 200.75pt>
File: ./image/magnetHolder3.pdf Graphic file (type pdf)

<use ./image/magnetHolder3.pdf>
Package pdftex.def Info: ./image/magnetHolder3.pdf used on input line 23.
(pdftex.def)             Requested size: 241.84842pt x 70.92213pt.

Overfull \hbox (8.84544pt too wide) in paragraph at lines 22--26
 [] 
 []

[2 <./image/walkthrough4.pdf> <./image/hallDevice.pdf> <./image/magnetHolder3.p
df>] <./image/userCalib3.pdf, id=373, 686.565pt x 268.00125pt>
File: ./image/userCalib3.pdf Graphic file (type pdf)

<use ./image/userCalib3.pdf>
Package pdftex.def Info: ./image/userCalib3.pdf used on input line 80.
(pdftex.def)             Requested size: 241.84842pt x 94.40297pt.

Overfull \hbox (8.84544pt too wide) in paragraph at lines 79--82
 [] 
 []

<./image/flickSelection2.pdf, id=377, 684.5575pt x 268.00125pt>
File: ./image/flickSelection2.pdf Graphic file (type pdf)

<use ./image/flickSelection2.pdf>
Package pdftex.def Info: ./image/flickSelection2.pdf used on input line 150.
(pdftex.def)             Requested size: 241.84842pt x 94.68105pt.

Overfull \hbox (8.84544pt too wide) in paragraph at lines 149--152
 [] 
 []

) (./userstudy.tex
Overfull \hbox (0.20912pt too wide) in paragraph at lines 29--34
\OT1/ptm/m/n/10 shown in the screen and com-mit the se-lec-tion by us-ing singl
e-
 []


Overfull \hbox (0.4392pt too wide) in paragraph at lines 29--34
\OT1/ptm/m/n/10 handed flick se-lec-tion method or the bi-man-ual clicker metho
d
 []

[3 <./image/userCalib3.pdf> <./image/flickSelection2.pdf>]
<./image/walking3.pdf, id=420, 684.5575pt x 344.28625pt>
File: ./image/walking3.pdf Graphic file (type pdf)

<use ./image/walking3.pdf>
Package pdftex.def Info: ./image/walking3.pdf used on input line 45.
(pdftex.def)             Requested size: 241.84842pt x 121.63145pt.

Overfull \hbox (8.84544pt too wide) in paragraph at lines 44--47
 [] 
 []

<./image/completionTime.pdf, id=421, 685.56125pt x 297.11pt>
File: ./image/completionTime.pdf Graphic file (type pdf)

<use ./image/completionTime.pdf>
Package pdftex.def Info: ./image/completionTime.pdf used on input line 88.
(pdftex.def)             Requested size: 241.84842pt x 104.81062pt.

Overfull \hbox (8.84544pt too wide) in paragraph at lines 87--90
 [] 
 []

<./image/errorRate.pdf, id=422, 685.56125pt x 303.1325pt>
File: ./image/errorRate.pdf Graphic file (type pdf)

<use ./image/errorRate.pdf>
Package pdftex.def Info: ./image/errorRate.pdf used on input line 98.
(pdftex.def)             Requested size: 241.84842pt x 106.93517pt.

Overfull \hbox (8.84544pt too wide) in paragraph at lines 97--100
 [] 
 []

[4 <./image/walking3.pdf> <./image/completionTime.pdf> <./image/errorRate.pdf>]

Overfull \hbox (1.5597pt too wide) in paragraph at lines 183--186
\OT1/ptm/m/n/10 abil-ity in cur-sor con-trol un-der walk-ing con-di-tion, even 
though
 []

<./image/clickMethods.pdf, id=812, 685.56125pt x 195.73125pt>
File: ./image/clickMethods.pdf Graphic file (type pdf)

<use ./image/clickMethods.pdf>
Package pdftex.def Info: ./image/clickMethods.pdf used on input line 204.
(pdftex.def)             Requested size: 241.84842pt x 69.04753pt.

Overfull \hbox (8.84544pt too wide) in paragraph at lines 203--206
 [] 
 []

) (./relatedwork.tex
Overfull \hbox (16.71915pt too wide) in paragraph at lines 8--16
\OT1/ptm/m/n/10 Several sub-tle in-ter-ac-tion tech-nique had been pro-posed. C
ostanza
 []

) [5 <./image/clickMethods.pdf>] (./fingerPad.bbl
Underfull \hbox (badness 1264) in paragraph at lines 4--8
\OT1/ptm/m/n/10 Nenya: sub-tle and eyes-free mo-bile in-put with a
 []


Underfull \hbox (badness 2005) in paragraph at lines 37--41
[]\OT1/ptm/m/n/10 Rong-Hao Liang, Kai-Yin Cheng, Chao-Huai Su,
 []


Underfull \hbox (badness 1748) in paragraph at lines 81--85
[]\OT1/ptm/m/n/10 Katrin Wolf, Anja Nau-mann, Michael Rohs, and
 []

)
Package atveryend Info: Empty hook `BeforeClearDocument' on input line 200.
 [6]
Package atveryend Info: Empty hook `AfterLastShipout' on input line 200.
 (./fingerPad.aux)
Package atveryend Info: Executing hook `AtVeryEndDocument' on input line 200.
Package atveryend Info: Executing hook `AtEndAfterFileList' on input line 200.
Package rerunfilecheck Info: File `fingerPad.out' has not changed.
(rerunfilecheck)             Checksum: E13B59A16CF4718049B820063AD3CD58;1748.
Package atveryend Info: Empty hook `AtVeryVeryEnd' on input line 200.
 ) 
Here is how much of TeX's memory you used:
 5465 strings out of 493488
 81628 string characters out of 3141326
 176632 words of memory out of 3000000
 8625 multiletter control sequences out of 15000+200000
 22054 words of font info for 42 fonts, out of 3000000 for 9000
 957 hyphenation exceptions out of 8191
 29i,12n,31p,834b,372s stack positions out of 5000i,500n,10000p,200000b,50000s
{/usr/local/texlive/2012/texmf-dist/fonts/enc/dvips/base/8r.enc}</usr/local/t
exlive/2012/texmf-dist/fonts/type1/urw/helvetic/uhvb8a.pfb></usr/local/texlive/
2012/texmf-dist/fonts/type1/urw/helvetic/uhvr8a.pfb></usr/local/texlive/2012/te
xmf-dist/fonts/type1/urw/helvetic/uhvro8a.pfb></usr/local/texlive/2012/texmf-di
st/fonts/type1/urw/times/utmr8a.pfb></usr/local/texlive/2012/texmf-dist/fonts/t
ype1/urw/times/utmri8a.pfb>
Output written on fingerPad.pdf (6 pages, 4789701 bytes).
PDF statistics:
 918 PDF objects out of 1000 (max. 8388607)
 643 compressed objects within 7 object streams
 62 named destinations out of 1000 (max. 500000)
 259 words of extra memory for PDF output out of 10000 (max. 10000000)

